<?xml version="1.0" encoding="UTF-8"?>
<testsuites name="GmailLogin" time="32" tests="1" failures="0" errors="0">
   <testsuite name="GmailLogin" tests="1" failures="0" errors="0" time="32" timestamp="2019-05-14 16:11:31" hostname="Group10 - G10PROLT020" id="Test Suites/GmailLogin">
      <properties>
         <property name="deviceName" value=""/>
         <property name="devicePlatform" value=""/>
         <property name="logFolder" value="G:\\Katalon Repository\\gmail_login\\Reports\\GmailLogin\\20190514_161124"/>
         <property name="logFiles" value="G:\\Katalon Repository\\gmail_login\\Reports\\GmailLogin\\20190514_161124\\execution0.log"/>
         <property name="attachments" value=""/>
         <property name="hostName" value="Group10 - G10PROLT020"/>
         <property name="os" value="Windows 10 64bit"/>
         <property name="katalonVersion" value="6.1.4.1"/>
         <property name="browser" value="Chrome 74.0.3729.131"/>
         <property name="hostAddress" value="192.168.1.26"/>
         <property name="sessionId" value="ff16601d167eed8c8457454634fde041"/>
         <property name="seleniumVersion" value="3.7.1"/>
         <property name="proxyInformation" value="ProxyInformation{proxyOption=NO_PROXY, proxyServerType=HTTP, password=, proxyServerAddress=, proxyServerPort=0}"/>
         <property name="platform" value="Windows 10"/>
      </properties>
      <testcase name="Test Cases/TC_gmail_login" classname="Test Cases/TC_gmail_login" status="PASSED">
         <system-out><![CDATA[2019-05-14 16:11:33 - [TEST_CASE][PASSED] - Test Cases/TC_gmail_login: Test Cases/TC_gmail_login

2019-05-14 16:11:34 - [TEST_STEP][PASSED] - runWithCucumberRunner(gmail_Login_Runner): Run with 'gmail_Login_Runner' was passed

2019-05-14 16:11:35 - [MESSAGE][INFO] - Starting 'Chrome' driver

2019-05-14 16:11:36 - [MESSAGE][INFO] - Action delay is set to 0 seconds

2019-05-14 16:11:40 - [MESSAGE][PASSED] - Browser is opened with url: ''

2019-05-14 16:11:42 - [MESSAGE][PASSED] - Current window maximized

2019-05-14 16:11:45 - [MESSAGE][PASSED] - Navigate to 'https://accounts.google.com/ServiceLogin#identifier' successfully

2019-05-14 16:11:47 - [MESSAGE][PASSED] - Delayed 2 second(s)

2019-05-14 16:11:48 - [MESSAGE][PASSED] - Text 'testerkatalon109@gmail.com' is set on object 'Object Repository/Page_Sign in  Google accounts/input_userid'

2019-05-14 16:11:50 - [MESSAGE][PASSED] - Delayed 2 second(s)

2019-05-14 16:11:50 - [MESSAGE][PASSED] - Object: 'Object Repository/Page_Sign in  Google accounts/content_Next_username' is clicked on

2019-05-14 16:11:52 - [MESSAGE][PASSED] - Delayed 2 second(s)

2019-05-14 16:11:53 - [MESSAGE][PASSED] - Text 'Abcd@1234' is set on object 'Object Repository/Page_Sign in  Google accounts/input_password'

2019-05-14 16:11:55 - [MESSAGE][PASSED] - Delayed 2 second(s)

2019-05-14 16:11:55 - [MESSAGE][PASSED] - Object: 'Object Repository/Page_Sign in  Google accounts/content_Next' is clicked on

2019-05-14 16:12:03 - [MESSAGE][PASSED] - Delayed 8 second(s)

2019-05-14 16:12:03 - [MESSAGE][PASSED] - Run with 'gmail_Login_Runner' was passed

2019-05-14 16:12:03 - [TEST_STEP][PASSED] - println(userName): null]]></system-out>
         <system-err><![CDATA[]]></system-err>
      </testcase>
      <system-out><![CDATA[2019-05-14 16:11:31 - [TEST_SUITE][PASSED] - GmailLogin: Test Cases/TC_gmail_login]]></system-out>
      <system-err><![CDATA[]]></system-err>
   </testsuite>
</testsuites>
