<?xml version="1.0" encoding="UTF-8"?>
<testsuites name="GmailLogin" time="37" tests="1" failures="0" errors="0">
   <testsuite name="GmailLogin" tests="1" failures="0" errors="0" time="37" timestamp="2019-04-18 18:15:02" hostname="group10 - G10PROLT007" id="Test Suites/GmailLogin">
      <properties>
         <property name="deviceName" value=""/>
         <property name="devicePlatform" value=""/>
         <property name="logFolder" value="/home/group10/Katalon Studio/gmail_login/Reports/GmailLogin/20190418_181457"/>
         <property name="logFiles" value="/home/group10/Katalon Studio/gmail_login/Reports/GmailLogin/20190418_181457/execution0.log"/>
         <property name="attachments" value=""/>
         <property name="hostName" value="group10 - G10PROLT007"/>
         <property name="os" value="Linux 64bit"/>
         <property name="katalonVersion" value="5.10.1.1"/>
         <property name="browser" value="Chrome 69.0.3497.100"/>
         <property name="hostAddress" value="127.0.1.1"/>
         <property name="sessionId" value="510bf38c6ce7c09162f94a20d12ebbec"/>
         <property name="seleniumVersion" value="3.7.1"/>
         <property name="proxyInformation" value="ProxyInformation{proxyOption=NO_PROXY, proxyServerType=HTTP, password=, proxyServerAddress=, proxyServerPort=0}"/>
         <property name="platform" value="Linux"/>
      </properties>
      <testcase name="Test Cases/TC_gmail_login" classname="Test Cases/TC_gmail_login" status="PASSED">
         <system-out><![CDATA[2019-04-18 18:15:03 - [TEST_CASE][PASSED] - Test Cases/TC_gmail_login: Test Cases/TC_gmail_login

2019-04-18 18:15:04 - [TEST_STEP][PASSED] - runWithCucumberRunner(gmail_Login_Runner): Run with 'gmail_Login_Runner' was passed

2019-04-18 18:15:07 - [MESSAGE][INFO] - Starting 'Chrome' driver

2019-04-18 18:15:07 - [MESSAGE][INFO] - Action delay is set to 0 seconds

2019-04-18 18:15:13 - [MESSAGE][PASSED] - Browser is opened with url: ''

2019-04-18 18:15:13 - [MESSAGE][PASSED] - Current window maximized

2019-04-18 18:15:21 - [MESSAGE][PASSED] - Navigate to 'https://accounts.google.com/ServiceLogin#identifier' successfully

2019-04-18 18:15:23 - [MESSAGE][PASSED] - Delayed 2 second(s)

2019-04-18 18:15:24 - [MESSAGE][PASSED] - Text 'testkatalon108@gmail.com' is set on object 'Object Repository/Page_Sign in  Google accounts/input_userid'

2019-04-18 18:15:26 - [MESSAGE][PASSED] - Delayed 2 second(s)

2019-04-18 18:15:27 - [MESSAGE][PASSED] - Object: 'Object Repository/Page_Sign in  Google accounts/content_Next_username' is clicked on

2019-04-18 18:15:29 - [MESSAGE][PASSED] - Delayed 2 second(s)

2019-04-18 18:15:29 - [MESSAGE][PASSED] - Text 'Abcd@1234' is set on object 'Object Repository/Page_Sign in  Google accounts/input_password'

2019-04-18 18:15:31 - [MESSAGE][PASSED] - Delayed 2 second(s)

2019-04-18 18:15:31 - [MESSAGE][PASSED] - Object: 'Object Repository/Page_Sign in  Google accounts/content_Next' is clicked on

2019-04-18 18:15:39 - [MESSAGE][PASSED] - Delayed 8 second(s)

2019-04-18 18:15:39 - [MESSAGE][PASSED] - Run with 'gmail_Login_Runner' was passed]]></system-out>
         <system-err><![CDATA[]]></system-err>
      </testcase>
      <system-out><![CDATA[2019-04-18 18:15:02 - [TEST_SUITE][PASSED] - GmailLogin: Test Cases/TC_gmail_login]]></system-out>
      <system-err><![CDATA[]]></system-err>
   </testsuite>
</testsuites>
