<?xml version="1.0" encoding="UTF-8" standalone="yes"?>
<testsuites name="GmailLogin" time="124" tests="1" failures="0" errors="0">
    <testsuite name="GmailLogin" tests="1" failures="0" errors="0" time="124" timestamp="2019-05-16 18:24:48" hostname="Group10 - G10PROLT020" id="Test Suites/GmailLogin">
        <properties>
            <property name="deviceName" value=""/>
            <property name="devicePlatform" value=""/>
            <property name="logFolder" value="G:\\Katalon Repository\\gmail_login\\Reports\\GmailLogin\\20190516_182441"/>
            <property name="logFiles" value="G:\\Katalon Repository\\gmail_login\\Reports\\GmailLogin\\20190516_182441\\execution0.log"/>
            <property name="attachments" value=""/>
            <property name="hostName" value="Group10 - G10PROLT020"/>
            <property name="os" value="Windows 10 64bit"/>
            <property name="katalonVersion" value="6.1.5.3"/>
            <property name="browser" value="Firefox 67.0"/>
            <property name="hostAddress" value="192.168.101.1"/>
            <property name="sessionId" value="6b754fdd-503f-4b11-8e53-385513d9307f"/>
            <property name="seleniumVersion" value="3.7.1"/>
            <property name="proxyInformation" value="ProxyInformation{proxyOption=NO_PROXY, proxyServerType=HTTP, password=, proxyServerAddress=, proxyServerPort=0}"/>
            <property name="platform" value="Windows 10"/>
        </properties>
        <testcase name="Test Cases/TC_gmail_login" classname="Test Cases/TC_gmail_login" status="PASSED">
            <system-out>2019-05-16 18:24:48 - [TEST_CASE][PASSED] - Test Cases/TC_gmail_login: Test Cases/TC_gmail_login&#xD;
&#xD;
2019-05-16 18:24:49 - [TEST_STEP][PASSED] - runWithCucumberRunner(gmail_Login_Runner): Run with 'gmail_Login_Runner' was passed&#xD;
&#xD;
2019-05-16 18:24:51 - [MESSAGE][INFO] - Starting 'Firefox' driver&#xD;
&#xD;
2019-05-16 18:24:51 - [MESSAGE][INFO] - Action delay is set to 0 seconds&#xD;
&#xD;
2019-05-16 18:25:12 - [MESSAGE][PASSED] - Browser is opened with url: ''&#xD;
&#xD;
2019-05-16 18:25:12 - [MESSAGE][PASSED] - Current window maximized&#xD;
&#xD;
2019-05-16 18:25:15 - [MESSAGE][PASSED] - Navigate to 'https://accounts.google.com/ServiceLogin#identifier' successfully&#xD;
&#xD;
2019-05-16 18:25:17 - [MESSAGE][PASSED] - Delayed 2 second(s)&#xD;
&#xD;
2019-05-16 18:25:17 - [MESSAGE][PASSED] - Text 'testerkatalon109@gmail.com' is set on object 'Object Repository/Page_Sign in  Google accounts/input_userid'&#xD;
&#xD;
2019-05-16 18:25:19 - [MESSAGE][PASSED] - Delayed 2 second(s)&#xD;
&#xD;
2019-05-16 18:25:19 - [MESSAGE][PASSED] - Object: 'Object Repository/Page_Sign in  Google accounts/content_Next_username' is clicked on&#xD;
&#xD;
2019-05-16 18:25:21 - [MESSAGE][PASSED] - Delayed 2 second(s)&#xD;
&#xD;
2019-05-16 18:25:21 - [MESSAGE][PASSED] - Text 'Abcd@1234' is set on object 'Object Repository/Page_Sign in  Google accounts/input_password'&#xD;
&#xD;
2019-05-16 18:25:23 - [MESSAGE][PASSED] - Delayed 2 second(s)&#xD;
&#xD;
2019-05-16 18:25:29 - [MESSAGE][PASSED] - Object: 'Object Repository/Page_Sign in  Google accounts/content_Next' is clicked on&#xD;
&#xD;
2019-05-16 18:25:37 - [MESSAGE][PASSED] - Delayed 8 second(s)&#xD;
&#xD;
2019-05-16 18:25:37 - [MESSAGE][PASSED] - Run with 'gmail_Login_Runner' was passed&#xD;
&#xD;
2019-05-16 18:25:37 - [TEST_STEP][PASSED] - profile_name = getExecutionProfile(): null&#xD;
&#xD;
2019-05-16 18:25:37 - [TEST_STEP][PASSED] - switch (profile_name): null&#xD;
&#xD;
2019-05-16 18:25:37 - [TEST_STEP][PASSED] - case "TesterDev":: null&#xD;
&#xD;
2019-05-16 18:25:37 - [TEST_STEP][PASSED] - runWithCucumberRunner(gmail_Login_Runner1): Run with 'gmail_Login_Runner1' was passed&#xD;
&#xD;
2019-05-16 18:25:37 - [MESSAGE][WARNING] - A browser is already opened. Closing browser and opening a new one&#xD;
&#xD;
2019-05-16 18:25:40 - [MESSAGE][INFO] - Starting 'Firefox' driver&#xD;
&#xD;
2019-05-16 18:25:47 - [MESSAGE][PASSED] - Browser is opened with url: ''&#xD;
&#xD;
2019-05-16 18:25:53 - [MESSAGE][PASSED] - Current window maximized&#xD;
&#xD;
2019-05-16 18:25:55 - [MESSAGE][PASSED] - Navigate to 'https://accounts.google.com/ServiceLogin#identifier' successfully&#xD;
&#xD;
2019-05-16 18:25:57 - [MESSAGE][PASSED] - Delayed 2 second(s)&#xD;
&#xD;
2019-05-16 18:25:57 - [MESSAGE][PASSED] - Text 'testerkatalon109@gmail.com' is set on object 'Object Repository/Page_Sign in  Google accounts/input_userid'&#xD;
&#xD;
2019-05-16 18:25:59 - [MESSAGE][PASSED] - Delayed 2 second(s)&#xD;
&#xD;
2019-05-16 18:26:00 - [MESSAGE][PASSED] - Object: 'Object Repository/Page_Sign in  Google accounts/content_Next_username' is clicked on&#xD;
&#xD;
2019-05-16 18:26:02 - [MESSAGE][PASSED] - Delayed 2 second(s)&#xD;
&#xD;
2019-05-16 18:26:02 - [MESSAGE][PASSED] - Text 'Abcd@1234' is set on object 'Object Repository/Page_Sign in  Google accounts/input_password'&#xD;
&#xD;
2019-05-16 18:26:04 - [MESSAGE][PASSED] - Delayed 2 second(s)&#xD;
&#xD;
2019-05-16 18:26:45 - [MESSAGE][PASSED] - Object: 'Object Repository/Page_Sign in  Google accounts/content_Next' is clicked on&#xD;
&#xD;
2019-05-16 18:26:53 - [MESSAGE][PASSED] - Delayed 8 second(s)&#xD;
&#xD;
2019-05-16 18:26:53 - [MESSAGE][PASSED] - Run with 'gmail_Login_Runner1' was passed&#xD;
&#xD;
2019-05-16 18:26:53 - [TEST_STEP][PASSED] - println("I entetered in 109 switch case"): null&#xD;
&#xD;
2019-05-16 18:26:53 - [TEST_STEP][PASSED] - break: null&#xD;
&#xD;
2019-05-16 18:26:53 - [TEST_STEP][PASSED] - Start listener action : AfterScenario: null&#xD;
&#xD;
2019-05-16 18:26:53 - [TEST_STEP][PASSED] - srt = context.getTestCaseVariables(): null&#xD;
&#xD;
2019-05-16 18:26:53 - [TEST_STEP][PASSED] - println(srt.get("userName")): null&#xD;
&#xD;
2019-05-16 18:26:53 - [TEST_STEP][PASSED] - println("The above is variable name"): null&#xD;
&#xD;
2019-05-16 18:26:53 - [TEST_STEP][PASSED] - println(userName): null</system-out>
            <system-err></system-err>
        </testcase>
        <system-out>2019-05-16 18:24:48 - [TEST_SUITE][INCOMPLETE] - GmailLogin: null</system-out>
        <system-err>2019-05-16 18:24:48 - [TEST_SUITE][INCOMPLETE] - GmailLogin: null</system-err>
    </testsuite>
</testsuites>
