<?xml version="1.0" encoding="UTF-8" standalone="yes"?>
<testsuites name="GmailLogin" time="79" tests="1" failures="0" errors="0">
    <testsuite name="GmailLogin" tests="1" failures="0" errors="0" time="79" timestamp="2019-05-16 17:33:31" hostname="Group10 - G10PROLT020" id="Test Suites/GmailLogin">
        <properties>
            <property name="deviceName" value=""/>
            <property name="devicePlatform" value=""/>
            <property name="logFolder" value="G:\\Katalon Repository\\gmail_login\\Reports\\GmailLogin\\20190516_173325"/>
            <property name="logFiles" value="G:\\Katalon Repository\\gmail_login\\Reports\\GmailLogin\\20190516_173325\\execution0.log"/>
            <property name="attachments" value=""/>
            <property name="hostName" value="Group10 - G10PROLT020"/>
            <property name="os" value="Windows 10 64bit"/>
            <property name="katalonVersion" value="6.1.5.3"/>
            <property name="browser" value="Firefox 67.0"/>
            <property name="hostAddress" value="192.168.1.26"/>
            <property name="sessionId" value="e87cc0c2-991a-4fee-9971-09cd0070eb20"/>
            <property name="seleniumVersion" value="3.7.1"/>
            <property name="proxyInformation" value="ProxyInformation{proxyOption=NO_PROXY, proxyServerType=HTTP, password=, proxyServerAddress=, proxyServerPort=0}"/>
            <property name="platform" value="Windows 10"/>
        </properties>
        <testcase name="Test Cases/TC_gmail_login" classname="Test Cases/TC_gmail_login" status="PASSED">
            <system-out>2019-05-16 17:33:33 - [TEST_CASE][PASSED] - Test Cases/TC_gmail_login: Test Cases/TC_gmail_login&#xD;
&#xD;
2019-05-16 17:33:34 - [TEST_STEP][PASSED] - runWithCucumberRunner(gmail_Login_Runner): Run with 'gmail_Login_Runner' was passed&#xD;
&#xD;
2019-05-16 17:33:36 - [MESSAGE][INFO] - Starting 'Firefox' driver&#xD;
&#xD;
2019-05-16 17:33:36 - [MESSAGE][INFO] - Action delay is set to 0 seconds&#xD;
&#xD;
2019-05-16 17:33:49 - [MESSAGE][PASSED] - Browser is opened with url: ''&#xD;
&#xD;
2019-05-16 17:33:49 - [MESSAGE][PASSED] - Current window maximized&#xD;
&#xD;
2019-05-16 17:33:53 - [MESSAGE][PASSED] - Navigate to 'https://accounts.google.com/ServiceLogin#identifier' successfully&#xD;
&#xD;
2019-05-16 17:33:55 - [MESSAGE][PASSED] - Delayed 2 second(s)&#xD;
&#xD;
2019-05-16 17:33:55 - [MESSAGE][PASSED] - Text 'testerkatalon109@gmail.com' is set on object 'Object Repository/Page_Sign in  Google accounts/input_userid'&#xD;
&#xD;
2019-05-16 17:33:57 - [MESSAGE][PASSED] - Delayed 2 second(s)&#xD;
&#xD;
2019-05-16 17:33:58 - [MESSAGE][PASSED] - Object: 'Object Repository/Page_Sign in  Google accounts/content_Next_username' is clicked on&#xD;
&#xD;
2019-05-16 17:34:00 - [MESSAGE][PASSED] - Delayed 2 second(s)&#xD;
&#xD;
2019-05-16 17:34:00 - [MESSAGE][PASSED] - Text 'Abcd@1234' is set on object 'Object Repository/Page_Sign in  Google accounts/input_password'&#xD;
&#xD;
2019-05-16 17:34:02 - [MESSAGE][PASSED] - Delayed 2 second(s)&#xD;
&#xD;
2019-05-16 17:34:07 - [MESSAGE][PASSED] - Object: 'Object Repository/Page_Sign in  Google accounts/content_Next' is clicked on&#xD;
&#xD;
2019-05-16 17:34:15 - [MESSAGE][PASSED] - Delayed 8 second(s)&#xD;
&#xD;
2019-05-16 17:34:15 - [MESSAGE][PASSED] - Run with 'gmail_Login_Runner' was passed&#xD;
&#xD;
2019-05-16 17:34:15 - [TEST_STEP][PASSED] - profile_name = getExecutionProfile(): null&#xD;
&#xD;
2019-05-16 17:34:15 - [TEST_STEP][PASSED] - switch (profile_name): null&#xD;
&#xD;
2019-05-16 17:34:15 - [TEST_STEP][PASSED] - case "TesterDev":: null&#xD;
&#xD;
2019-05-16 17:34:15 - [TEST_STEP][PASSED] - runWithCucumberRunner(gmail_Login_Runner1): Run with 'gmail_Login_Runner1' was passed&#xD;
&#xD;
2019-05-16 17:34:15 - [MESSAGE][WARNING] - A browser is already opened. Closing browser and opening a new one&#xD;
&#xD;
2019-05-16 17:34:18 - [MESSAGE][INFO] - Starting 'Firefox' driver&#xD;
&#xD;
2019-05-16 17:34:26 - [MESSAGE][PASSED] - Browser is opened with url: ''&#xD;
&#xD;
2019-05-16 17:34:26 - [MESSAGE][PASSED] - Current window maximized&#xD;
&#xD;
2019-05-16 17:34:28 - [MESSAGE][PASSED] - Navigate to 'https://accounts.google.com/ServiceLogin#identifier' successfully&#xD;
&#xD;
2019-05-16 17:34:30 - [MESSAGE][PASSED] - Delayed 2 second(s)&#xD;
&#xD;
2019-05-16 17:34:31 - [MESSAGE][PASSED] - Text 'testerkatalon109@gmail.com' is set on object 'Object Repository/Page_Sign in  Google accounts/input_userid'&#xD;
&#xD;
2019-05-16 17:34:33 - [MESSAGE][PASSED] - Delayed 2 second(s)&#xD;
&#xD;
2019-05-16 17:34:33 - [MESSAGE][PASSED] - Object: 'Object Repository/Page_Sign in  Google accounts/content_Next_username' is clicked on&#xD;
&#xD;
2019-05-16 17:34:35 - [MESSAGE][PASSED] - Delayed 2 second(s)&#xD;
&#xD;
2019-05-16 17:34:35 - [MESSAGE][PASSED] - Text 'Abcd@1234' is set on object 'Object Repository/Page_Sign in  Google accounts/input_password'&#xD;
&#xD;
2019-05-16 17:34:37 - [MESSAGE][PASSED] - Delayed 2 second(s)&#xD;
&#xD;
2019-05-16 17:34:42 - [MESSAGE][PASSED] - Object: 'Object Repository/Page_Sign in  Google accounts/content_Next' is clicked on&#xD;
&#xD;
2019-05-16 17:34:50 - [MESSAGE][PASSED] - Delayed 8 second(s)&#xD;
&#xD;
2019-05-16 17:34:51 - [MESSAGE][PASSED] - Run with 'gmail_Login_Runner1' was passed&#xD;
&#xD;
2019-05-16 17:34:51 - [TEST_STEP][PASSED] - println("I entetered in 108 switch case"): null&#xD;
&#xD;
2019-05-16 17:34:51 - [TEST_STEP][PASSED] - break: null&#xD;
&#xD;
2019-05-16 17:34:51 - [TEST_STEP][PASSED] - Start listener action : AfterScenario: null&#xD;
&#xD;
2019-05-16 17:34:51 - [TEST_STEP][PASSED] - srt = context.getTestCaseVariables(): null&#xD;
&#xD;
2019-05-16 17:34:51 - [TEST_STEP][PASSED] - println(srt.get("userName")): null&#xD;
&#xD;
2019-05-16 17:34:51 - [TEST_STEP][PASSED] - println("The above is variable name"): null&#xD;
&#xD;
2019-05-16 17:34:51 - [TEST_STEP][PASSED] - println(userName): null</system-out>
            <system-err></system-err>
        </testcase>
        <system-out>2019-05-16 17:33:31 - [TEST_SUITE][INCOMPLETE] - GmailLogin: null</system-out>
        <system-err>2019-05-16 17:33:31 - [TEST_SUITE][INCOMPLETE] - GmailLogin: null</system-err>
    </testsuite>
</testsuites>
