<?xml version="1.0" encoding="UTF-8" standalone="yes"?>
<testsuites name="GmailLogin" time="102" tests="1" failures="0" errors="0">
    <testsuite name="GmailLogin" tests="1" failures="0" errors="0" time="102" timestamp="2019-05-16 17:16:11" hostname="Group10 - G10PROLT020" id="Test Suites/GmailLogin">
        <properties>
            <property name="deviceName" value=""/>
            <property name="devicePlatform" value=""/>
            <property name="logFolder" value="G:\\Katalon Repository\\gmail_login\\Reports\\GmailLogin\\20190516_171606"/>
            <property name="logFiles" value="G:\\Katalon Repository\\gmail_login\\Reports\\GmailLogin\\20190516_171606\\execution0.log"/>
            <property name="attachments" value=""/>
            <property name="hostName" value="Group10 - G10PROLT020"/>
            <property name="os" value="Windows 10 64bit"/>
            <property name="katalonVersion" value="6.1.5.3"/>
            <property name="browser" value="Firefox 67.0"/>
            <property name="hostAddress" value="192.168.1.26"/>
            <property name="sessionId" value="3517697e-0f72-4c43-a4ce-09a517b0aa06"/>
            <property name="seleniumVersion" value="3.7.1"/>
            <property name="proxyInformation" value="ProxyInformation{proxyOption=NO_PROXY, proxyServerType=HTTP, password=, proxyServerAddress=, proxyServerPort=0}"/>
            <property name="platform" value="Windows 10"/>
        </properties>
        <testcase name="Test Cases/TC_gmail_login" classname="Test Cases/TC_gmail_login" status="PASSED">
            <system-out>2019-05-16 17:16:12 - [TEST_CASE][PASSED] - Test Cases/TC_gmail_login: Test Cases/TC_gmail_login&#xD;
&#xD;
2019-05-16 17:16:13 - [TEST_STEP][PASSED] - runWithCucumberRunner(gmail_Login_Runner): Run with 'gmail_Login_Runner' was passed&#xD;
&#xD;
2019-05-16 17:16:15 - [MESSAGE][INFO] - Starting 'Firefox' driver&#xD;
&#xD;
2019-05-16 17:16:15 - [MESSAGE][INFO] - Action delay is set to 0 seconds&#xD;
&#xD;
2019-05-16 17:16:47 - [MESSAGE][PASSED] - Browser is opened with url: ''&#xD;
&#xD;
2019-05-16 17:16:47 - [MESSAGE][PASSED] - Current window maximized&#xD;
&#xD;
2019-05-16 17:16:56 - [MESSAGE][PASSED] - Navigate to 'https://accounts.google.com/ServiceLogin#identifier' successfully&#xD;
&#xD;
2019-05-16 17:16:58 - [MESSAGE][PASSED] - Delayed 2 second(s)&#xD;
&#xD;
2019-05-16 17:16:58 - [MESSAGE][PASSED] - Text 'testerkatalon109@gmail.com' is set on object 'Object Repository/Page_Sign in  Google accounts/input_userid'&#xD;
&#xD;
2019-05-16 17:17:00 - [MESSAGE][PASSED] - Delayed 2 second(s)&#xD;
&#xD;
2019-05-16 17:17:01 - [MESSAGE][PASSED] - Object: 'Object Repository/Page_Sign in  Google accounts/content_Next_username' is clicked on&#xD;
&#xD;
2019-05-16 17:17:03 - [MESSAGE][PASSED] - Delayed 2 second(s)&#xD;
&#xD;
2019-05-16 17:17:03 - [MESSAGE][PASSED] - Text 'Abcd@1234' is set on object 'Object Repository/Page_Sign in  Google accounts/input_password'&#xD;
&#xD;
2019-05-16 17:17:05 - [MESSAGE][PASSED] - Delayed 2 second(s)&#xD;
&#xD;
2019-05-16 17:17:10 - [MESSAGE][PASSED] - Object: 'Object Repository/Page_Sign in  Google accounts/content_Next' is clicked on&#xD;
&#xD;
2019-05-16 17:17:18 - [MESSAGE][PASSED] - Delayed 8 second(s)&#xD;
&#xD;
2019-05-16 17:17:18 - [MESSAGE][PASSED] - Run with 'gmail_Login_Runner' was passed&#xD;
&#xD;
2019-05-16 17:17:18 - [TEST_STEP][PASSED] - profile_name = getExecutionProfile(): null&#xD;
&#xD;
2019-05-16 17:17:18 - [TEST_STEP][PASSED] - switch (profile_name): null&#xD;
&#xD;
2019-05-16 17:17:18 - [TEST_STEP][PASSED] - case "TesterDev":: null&#xD;
&#xD;
2019-05-16 17:17:18 - [TEST_STEP][PASSED] - runWithCucumberRunner(gmail_Login_Runner1): Run with 'gmail_Login_Runner1' was passed&#xD;
&#xD;
2019-05-16 17:17:19 - [MESSAGE][WARNING] - A browser is already opened. Closing browser and opening a new one&#xD;
&#xD;
2019-05-16 17:17:22 - [MESSAGE][INFO] - Starting 'Firefox' driver&#xD;
&#xD;
2019-05-16 17:17:28 - [MESSAGE][PASSED] - Browser is opened with url: ''&#xD;
&#xD;
2019-05-16 17:17:28 - [MESSAGE][PASSED] - Current window maximized&#xD;
&#xD;
2019-05-16 17:17:31 - [MESSAGE][PASSED] - Navigate to 'https://accounts.google.com/ServiceLogin#identifier' successfully&#xD;
&#xD;
2019-05-16 17:17:33 - [MESSAGE][PASSED] - Delayed 2 second(s)&#xD;
&#xD;
2019-05-16 17:17:34 - [MESSAGE][PASSED] - Text 'testerkatalon109@gmail.com' is set on object 'Object Repository/Page_Sign in  Google accounts/input_userid'&#xD;
&#xD;
2019-05-16 17:17:36 - [MESSAGE][PASSED] - Delayed 2 second(s)&#xD;
&#xD;
2019-05-16 17:17:36 - [MESSAGE][PASSED] - Object: 'Object Repository/Page_Sign in  Google accounts/content_Next_username' is clicked on&#xD;
&#xD;
2019-05-16 17:17:38 - [MESSAGE][PASSED] - Delayed 2 second(s)&#xD;
&#xD;
2019-05-16 17:17:38 - [MESSAGE][PASSED] - Text 'Abcd@1234' is set on object 'Object Repository/Page_Sign in  Google accounts/input_password'&#xD;
&#xD;
2019-05-16 17:17:40 - [MESSAGE][PASSED] - Delayed 2 second(s)&#xD;
&#xD;
2019-05-16 17:17:46 - [MESSAGE][PASSED] - Object: 'Object Repository/Page_Sign in  Google accounts/content_Next' is clicked on&#xD;
&#xD;
2019-05-16 17:17:54 - [MESSAGE][PASSED] - Delayed 8 second(s)&#xD;
&#xD;
2019-05-16 17:17:54 - [MESSAGE][PASSED] - Run with 'gmail_Login_Runner1' was passed&#xD;
&#xD;
2019-05-16 17:17:54 - [TEST_STEP][PASSED] - println("I entetered in 108 switch case"): null&#xD;
&#xD;
2019-05-16 17:17:54 - [TEST_STEP][PASSED] - break: null&#xD;
&#xD;
2019-05-16 17:17:54 - [TEST_STEP][PASSED] - Start listener action : AfterScenario: null&#xD;
&#xD;
2019-05-16 17:17:54 - [TEST_STEP][PASSED] - srt = context.getTestCaseVariables(): null&#xD;
&#xD;
2019-05-16 17:17:54 - [TEST_STEP][PASSED] - println(srt.get("userName")): null&#xD;
&#xD;
2019-05-16 17:17:54 - [TEST_STEP][PASSED] - println("The above is variable name"): null&#xD;
&#xD;
2019-05-16 17:17:54 - [TEST_STEP][PASSED] - println(userName): null</system-out>
            <system-err></system-err>
        </testcase>
        <system-out>2019-05-16 17:16:11 - [TEST_SUITE][INCOMPLETE] - GmailLogin: null</system-out>
        <system-err>2019-05-16 17:16:11 - [TEST_SUITE][INCOMPLETE] - GmailLogin: null</system-err>
    </testsuite>
</testsuites>
