<?xml version="1.0" encoding="UTF-8"?>
<testsuites name="GmailLogin" time="44" tests="1" failures="0" errors="0">
   <testsuite name="GmailLogin" tests="1" failures="0" errors="0" time="44" timestamp="2019-05-14 17:59:29" hostname="Group10 - G10PROLT020" id="Test Suites/GmailLogin">
      <properties>
         <property name="deviceName" value=""/>
         <property name="devicePlatform" value=""/>
         <property name="logFolder" value="G:\\Katalon Repository\\gmail_login\\Reports\\GmailLogin\\20190514_175924"/>
         <property name="logFiles" value="G:\\Katalon Repository\\gmail_login\\Reports\\GmailLogin\\20190514_175924\\execution0.log"/>
         <property name="attachments" value=""/>
         <property name="hostName" value="Group10 - G10PROLT020"/>
         <property name="os" value="Windows 10 64bit"/>
         <property name="katalonVersion" value="6.1.4.1"/>
         <property name="browser" value="Firefox 67.0"/>
         <property name="hostAddress" value="192.168.1.26"/>
         <property name="sessionId" value="2faf664d-727e-45da-9575-67d4bee94250"/>
         <property name="seleniumVersion" value="3.7.1"/>
         <property name="proxyInformation" value="ProxyInformation{proxyOption=NO_PROXY, proxyServerType=HTTP, password=, proxyServerAddress=, proxyServerPort=0}"/>
         <property name="platform" value="Windows 10"/>
      </properties>
      <testcase name="Test Cases/TC_gmail_login" classname="Test Cases/TC_gmail_login" status="PASSED">
         <system-out><![CDATA[2019-05-14 17:59:30 - [TEST_CASE][PASSED] - Test Cases/TC_gmail_login: Test Cases/TC_gmail_login

2019-05-14 17:59:30 - [TEST_STEP][PASSED] - runWithCucumberRunner(gmail_Login_Runner): Run with 'gmail_Login_Runner' was passed

2019-05-14 17:59:32 - [MESSAGE][INFO] - Starting 'Firefox' driver

2019-05-14 17:59:32 - [MESSAGE][INFO] - Action delay is set to 0 seconds

2019-05-14 17:59:43 - [MESSAGE][PASSED] - Browser is opened with url: ''

2019-05-14 17:59:43 - [MESSAGE][PASSED] - Current window maximized

2019-05-14 17:59:49 - [MESSAGE][PASSED] - Navigate to 'https://accounts.google.com/ServiceLogin#identifier' successfully

2019-05-14 17:59:51 - [MESSAGE][PASSED] - Delayed 2 second(s)

2019-05-14 17:59:51 - [MESSAGE][PASSED] - Text 'testerkatalon109@gmail.com' is set on object 'Object Repository/Page_Sign in  Google accounts/input_userid'

2019-05-14 17:59:53 - [MESSAGE][PASSED] - Delayed 2 second(s)

2019-05-14 17:59:53 - [MESSAGE][PASSED] - Object: 'Object Repository/Page_Sign in  Google accounts/content_Next_username' is clicked on

2019-05-14 17:59:55 - [MESSAGE][PASSED] - Delayed 2 second(s)

2019-05-14 17:59:55 - [MESSAGE][PASSED] - Text 'Abcd@1234' is set on object 'Object Repository/Page_Sign in  Google accounts/input_password'

2019-05-14 17:59:57 - [MESSAGE][PASSED] - Delayed 2 second(s)

2019-05-14 18:00:03 - [MESSAGE][PASSED] - Object: 'Object Repository/Page_Sign in  Google accounts/content_Next' is clicked on

2019-05-14 18:00:11 - [MESSAGE][PASSED] - Delayed 8 second(s)

2019-05-14 18:00:11 - [MESSAGE][PASSED] - Run with 'gmail_Login_Runner' was passed

2019-05-14 18:00:11 - [TEST_STEP][PASSED] - println(userName): null

2019-05-14 18:00:11 - [TEST_STEP][PASSED] - Start listener action : AfterScenario: null

2019-05-14 18:00:11 - [TEST_STEP][PASSED] - srt = context.getTestCaseVariables(): null

2019-05-14 18:00:11 - [TEST_STEP][PASSED] - println(srt.get("userName")): null

2019-05-14 18:00:11 - [TEST_STEP][PASSED] - println("The above is variable name "): null]]></system-out>
         <system-err><![CDATA[]]></system-err>
      </testcase>
      <system-out><![CDATA[2019-05-14 17:59:29 - [TEST_SUITE][PASSED] - GmailLogin: Test Cases/TC_gmail_login]]></system-out>
      <system-err><![CDATA[]]></system-err>
   </testsuite>
</testsuites>
